[2024-10-28 17:21:04,270] [INFO] JobFunnel: Scraping local providers with: ['IndeedScraperCANEng', 'MonsterScraperCANEng']
[2024-10-28 17:21:07,270] [INFO] IndeedScraperCANEng: Found 5 pages of search results for query=Python
[2024-10-28 17:21:13,364] [INFO] IndeedScraperCANEng: Scraped 125 job listings from search results pages
[2024-10-28 17:21:13,660] [ERROR] IndeedScraperCANEng: Job AI Research Scientist and AI Research Scientist share duplicate key_id: IndeedScraperCANEng_0faaf78377ec282d
[2024-10-28 17:21:13,660] [ERROR] IndeedScraperCANEng: Job Senior Backend Software Developer and Senior Backend Software Developer share duplicate key_id: IndeedScraperCANEng_9065b7ae74777150
[2024-10-28 17:21:13,702] [INFO] MonsterScraperCANEng: No get() or set() will be done for Job attrs: ['REMOTENESS']
[2024-10-28 17:21:15,829] [ERROR] JobFunnel: Failed to scrape jobs for MonsterScraperCANEng: Unable to extract jobs from initial search result page:
	'NoneType' object has no attribute 'text'
[2024-10-28 17:21:15,829] [INFO] JobFunnel: Completed all scraping, found 123 new jobs.
[2024-10-28 17:21:15,880] [INFO] JobFunnel: Done. View your current jobs in demo_job_search_results/demo_search.csv
[2024-10-30 14:14:10,959] [INFO] JobFunnel: Scraping local providers with: ['IndeedScraperCANEng', 'MonsterScraperCANEng']
[2024-10-30 14:14:13,611] [INFO] IndeedScraperCANEng: Found 5 pages of search results for query=Python
[2024-10-30 14:14:17,346] [INFO] IndeedScraperCANEng: Scraped 125 job listings from search results pages
[2024-10-30 14:14:17,452] [ERROR] IndeedScraperCANEng: Job Sr Software Development Engineer in Test and Sr Software Development Engineer in Test share duplicate key_id: IndeedScraperCANEng_f1a127d62c4f1968
[2024-10-30 14:14:17,486] [INFO] MonsterScraperCANEng: No get() or set() will be done for Job attrs: ['REMOTENESS']
[2024-10-30 14:14:19,743] [ERROR] JobFunnel: Failed to scrape jobs for MonsterScraperCANEng: Unable to extract jobs from initial search result page:
	'NoneType' object has no attribute 'text'
[2024-10-30 14:14:19,743] [INFO] JobFunnel: Completed all scraping, found 124 new jobs.
[2024-10-30 14:14:19,841] [INFO] JobFunnel: Done. View your current jobs in demo_job_search_results/demo_search.csv
[2024-10-30 14:16:55,194] [INFO] JobFunnel: Scraping local providers with: ['IndeedScraperUSAEng']
[2024-10-30 14:16:57,096] [INFO] IndeedScraperUSAEng: Found 3 pages of search results for query=Python+Senior+AI
[2024-10-30 14:16:58,756] [INFO] IndeedScraperUSAEng: Scraped 68 job listings from search results pages
[2024-10-30 14:16:58,796] [INFO] JobFunnel: Completed all scraping, found 68 new jobs.
[2024-10-30 14:16:58,838] [INFO] JobFunnel: Done. View your current jobs in demo_job_search_results/demo_search.csv
